2026-05-17 12:31:27 [INFO] uvicorn.error: Started server process [23260]
2026-05-17 12:31:27 [INFO] uvicorn.error: Waiting for application startup.
2026-05-17 12:31:27 [INFO] uvicorn.error: Application startup complete.
2026-05-17 12:31:27 [INFO] uvicorn.error: Uvicorn running on http://0.0.0.0:8000 (Press CTRL+C to quit)
2026-05-17 12:32:22 [INFO] uvicorn.error: Shutting down
2026-05-17 12:32:22 [INFO] uvicorn.error: Waiting for application shutdown.
2026-05-17 12:32:22 [INFO] uvicorn.error: Application shutdown complete.
2026-05-17 12:32:22 [INFO] uvicorn.error: Finished server process [23260]
2026-05-17 12:32:29 [INFO] __main__: Meshwork v0.1 - Booting...
2026-05-17 12:32:29 [INFO] serial_link: Starting serial link in simulation mode
2026-05-17 12:32:29 [INFO] serial_link: Starting simulation loop
2026-05-17 12:32:29 [INFO] __main__: Serial link initialized (port: simulation)
2026-05-17 12:32:29 [INFO] __main__: Starting mesh loop
2026-05-17 12:32:29 [INFO] __main__: Best gateway: node-a3f1
2026-05-17 12:32:29 [INFO] __main__: Heartbeat - Neighbors: 3, Gateway: node-a3f1, Power: PowerMode.REDUCED, GW: False
2026-05-17 12:32:59 [INFO] __main__: Best gateway: node-a3f1
2026-05-17 12:32:59 [INFO] __main__: Heartbeat - Neighbors: 3, Gateway: node-a3f1, Power: PowerMode.REDUCED, GW: False
2026-05-17 12:33:29 [INFO] __main__: Best gateway: node-a3f1
2026-05-17 12:33:29 [INFO] __main__: Heartbeat - Neighbors: 3, Gateway: node-a3f1, Power: PowerMode.FULL, GW: False
2026-05-17 12:33:59 [INFO] __main__: Best gateway: node-a3f1
2026-05-17 12:33:59 [INFO] __main__: Heartbeat - Neighbors: 3, Gateway: node-a3f1, Power: PowerMode.FULL, GW: False
2026-05-17 12:34:29 [INFO] __main__: Best gateway: node-a3f1
2026-05-17 12:34:29 [INFO] __main__: Heartbeat - Neighbors: 3, Gateway: node-a3f1, Power: PowerMode.FULL, GW: False
2026-05-17 12:35:03 [INFO] uvicorn.error: Started server process [23501]
2026-05-17 12:35:03 [INFO] uvicorn.error: Waiting for application startup.
2026-05-17 12:35:03 [INFO] uvicorn.error: Application startup complete.
2026-05-17 12:35:03 [INFO] uvicorn.error: Uvicorn running on http://0.0.0.0:8000 (Press CTRL+C to quit)
2026-05-17 12:35:43 [INFO] uvicorn.error: Shutting down
2026-05-17 12:35:43 [INFO] uvicorn.error: Waiting for application shutdown.
2026-05-17 12:35:43 [INFO] uvicorn.error: Application shutdown complete.
2026-05-17 12:35:43 [INFO] uvicorn.error: Finished server process [23501]
2026-05-17 12:35:51 [INFO] uvicorn.error: Started server process [23554]
2026-05-17 12:35:51 [INFO] uvicorn.error: Waiting for application startup.
2026-05-17 12:35:51 [INFO] uvicorn.error: Application startup complete.
2026-05-17 12:35:51 [INFO] uvicorn.error: Uvicorn running on http://0.0.0.0:8000 (Press CTRL+C to quit)
2026-05-17 12:36:52 [INFO] uvicorn.error: Shutting down
2026-05-17 12:36:52 [INFO] uvicorn.error: Waiting for application shutdown.
2026-05-17 12:36:52 [INFO] uvicorn.error: Application shutdown complete.
2026-05-17 12:36:52 [INFO] uvicorn.error: Finished server process [23554]
2026-05-17 12:37:05 [INFO] __main__: Meshwork v0.1 - Booting...
2026-05-17 12:37:05 [INFO] serial_link: Starting serial link in simulation mode
2026-05-17 12:37:05 [INFO] serial_link: Starting simulation loop
2026-05-17 12:37:05 [INFO] __main__: Serial link initialized (port: simulation)
2026-05-17 12:37:05 [INFO] __main__: Starting mesh loop
2026-05-17 12:37:05 [INFO] __main__: Best gateway: node-a3f1
2026-05-17 12:37:05 [INFO] __main__: Heartbeat - Neighbors: 3, Gateway: node-a3f1, Power: PowerMode.REDUCED, GW: False
2026-05-17 12:37:13 [INFO] uvicorn.error: Started server process [23659]
2026-05-17 12:37:13 [INFO] uvicorn.error: Waiting for application startup.
2026-05-17 12:37:13 [INFO] uvicorn.error: Application startup complete.
2026-05-17 12:37:13 [INFO] uvicorn.error: Uvicorn running on http://0.0.0.0:8000 (Press CTRL+C to quit)
2026-05-17 12:37:45 [INFO] uvicorn.error: Shutting down
2026-05-17 12:37:45 [INFO] uvicorn.error: Waiting for application shutdown.
2026-05-17 12:37:45 [INFO] uvicorn.error: Application shutdown complete.
2026-05-17 12:37:45 [INFO] uvicorn.error: Finished server process [23659]
2026-05-17 12:37:50 [INFO] uvicorn.error: Started server process [23731]
2026-05-17 12:37:50 [INFO] uvicorn.error: Waiting for application startup.
2026-05-17 12:37:50 [INFO] uvicorn.error: Application startup complete.
2026-05-17 12:37:50 [INFO] uvicorn.error: Uvicorn running on http://0.0.0.0:8000 (Press CTRL+C to quit)
2026-05-17 12:37:56 [INFO] uvicorn.error: Shutting down
2026-05-17 12:37:56 [INFO] uvicorn.error: Waiting for application shutdown.
2026-05-17 12:37:56 [INFO] uvicorn.error: Application shutdown complete.
2026-05-17 12:37:56 [INFO] uvicorn.error: Finished server process [23731]
2026-05-17 12:38:01 [INFO] __main__: Meshwork v0.1 - Booting...
2026-05-17 12:38:01 [INFO] serial_link: Starting serial link in simulation mode
2026-05-17 12:38:01 [INFO] serial_link: Starting simulation loop
2026-05-17 12:38:01 [INFO] __main__: Serial link initialized (port: simulation)
2026-05-17 12:38:01 [INFO] __main__: Starting mesh loop
2026-05-17 12:38:01 [INFO] __main__: Best gateway: node-a3f1
2026-05-17 12:38:01 [INFO] __main__: Heartbeat - Neighbors: 3, Gateway: node-a3f1, Power: PowerMode.REDUCED, GW: False
2026-05-17 12:42:01 [INFO] uvicorn.error: Started server process [23889]
2026-05-17 12:42:01 [INFO] uvicorn.error: Waiting for application startup.
2026-05-17 12:42:01 [INFO] uvicorn.error: Application startup complete.
2026-05-17 12:42:01 [INFO] uvicorn.error: Uvicorn running on http://0.0.0.0:8000 (Press CTRL+C to quit)
2026-05-17 12:44:17 [INFO] uvicorn.error: Shutting down
2026-05-17 12:44:17 [INFO] uvicorn.error: Waiting for application shutdown.
2026-05-17 12:44:17 [INFO] uvicorn.error: Application shutdown complete.
2026-05-17 12:44:17 [INFO] uvicorn.error: Finished server process [23889]
2026-05-17 12:54:12 [INFO] uvicorn.error: Started server process [24057]
2026-05-17 12:54:12 [INFO] uvicorn.error: Waiting for application startup.
2026-05-17 12:54:12 [INFO] uvicorn.error: Application startup complete.
2026-05-17 12:54:12 [INFO] uvicorn.error: Uvicorn running on http://0.0.0.0:8000 (Press CTRL+C to quit)
2026-05-17 12:56:37 [INFO] uvicorn.error: Shutting down
2026-05-17 12:56:37 [INFO] uvicorn.error: Waiting for application shutdown.
2026-05-17 12:56:37 [INFO] uvicorn.error: Application shutdown complete.
2026-05-17 12:56:37 [INFO] uvicorn.error: Finished server process [24057]
2026-05-17 12:56:42 [INFO] __main__: Meshwork v0.1 - Booting...
2026-05-17 12:56:42 [INFO] serial_link: Starting serial link in simulation mode
2026-05-17 12:56:42 [INFO] serial_link: Starting simulation loop
2026-05-17 12:56:42 [INFO] __main__: Serial link initialized (port: simulation)
2026-05-17 12:56:42 [INFO] __main__: Starting mesh loop
2026-05-17 12:56:42 [INFO] __main__: Best gateway: node-a3f1
2026-05-17 12:56:42 [INFO] __main__: Heartbeat - Neighbors: 3, Gateway: node-a3f1, Power: PowerMode.REDUCED, GW: False
2026-05-17 12:57:12 [INFO] __main__: Best gateway: node-a3f1
2026-05-17 12:57:12 [INFO] __main__: Heartbeat - Neighbors: 3, Gateway: node-a3f1, Power: PowerMode.REDUCED, GW: False
2026-05-17 12:57:42 [INFO] __main__: Best gateway: node-a3f1
2026-05-17 12:57:42 [INFO] __main__: Heartbeat - Neighbors: 3, Gateway: node-a3f1, Power: PowerMode.FULL, GW: False
2026-05-17 12:58:12 [INFO] __main__: Best gateway: node-a3f1
2026-05-17 12:58:13 [INFO] __main__: Heartbeat - Neighbors: 3, Gateway: node-a3f1, Power: PowerMode.FULL, GW: False
2026-05-17 12:58:43 [INFO] __main__: Best gateway: node-a3f1
2026-05-17 12:58:43 [INFO] __main__: Heartbeat - Neighbors: 3, Gateway: node-a3f1, Power: PowerMode.FULL, GW: False
2026-05-17 12:59:13 [INFO] __main__: Best gateway: node-a3f1
2026-05-17 12:59:13 [INFO] __main__: Heartbeat - Neighbors: 3, Gateway: node-a3f1, Power: PowerMode.REDUCED, GW: False
2026-05-17 12:59:52 [INFO] uvicorn.error: Started server process [24436]
2026-05-17 12:59:52 [INFO] uvicorn.error: Waiting for application startup.
2026-05-17 12:59:52 [INFO] uvicorn.error: Application startup complete.
2026-05-17 12:59:52 [INFO] uvicorn.error: Uvicorn running on http://0.0.0.0:8000 (Press CTRL+C to quit)
2026-05-17 13:00:33 [INFO] uvicorn.error: Shutting down
2026-05-17 13:00:33 [INFO] uvicorn.error: Waiting for application shutdown.
2026-05-17 13:00:33 [INFO] uvicorn.error: Application shutdown complete.
2026-05-17 13:00:33 [INFO] uvicorn.error: Finished server process [24436]
2026-05-17 13:00:41 [INFO] __main__: Meshwork v0.1 - Booting...
2026-05-17 13:00:41 [INFO] serial_link: Starting serial link in simulation mode
2026-05-17 13:00:41 [INFO] serial_link: Starting simulation loop
2026-05-17 13:00:41 [INFO] __main__: Serial link initialized (port: simulation)
2026-05-17 13:00:41 [INFO] __main__: Starting mesh loop
2026-05-17 13:00:41 [INFO] __main__: Best gateway: node-a3f1
2026-05-17 13:00:41 [INFO] __main__: Heartbeat - Neighbors: 3, Gateway: node-a3f1, Power: PowerMode.REDUCED, GW: False
2026-05-17 13:01:11 [INFO] __main__: Best gateway: node-a3f1
2026-05-17 13:01:11 [INFO] __main__: Heartbeat - Neighbors: 3, Gateway: node-a3f1, Power: PowerMode.REDUCED, GW: False
2026-05-17 13:01:41 [INFO] __main__: Best gateway: node-a3f1
2026-05-17 13:01:41 [INFO] __main__: Heartbeat - Neighbors: 3, Gateway: node-a3f1, Power: PowerMode.FULL, GW: False
2026-05-17 13:01:49 [INFO] api: Authentication successful
2026-05-17 13:02:03 [INFO] api: Gateway mode set to True
2026-05-17 13:02:11 [INFO] __main__: Best gateway: node-a3f1
2026-05-17 13:02:11 [INFO] __main__: Advertised as gateway
2026-05-17 13:02:12 [INFO] __main__: Heartbeat - Neighbors: 3, Gateway: node-a3f1, Power: PowerMode.FULL, GW: True
2026-05-17 13:02:42 [INFO] __main__: Best gateway: node-a3f1
2026-05-17 13:02:42 [INFO] __main__: Advertised as gateway
2026-05-17 13:02:42 [INFO] __main__: Heartbeat - Neighbors: 3, Gateway: node-a3f1, Power: PowerMode.FULL, GW: True
2026-05-17 13:03:12 [INFO] __main__: Best gateway: node-a3f1
2026-05-17 13:03:12 [INFO] __main__: Advertised as gateway
2026-05-17 13:03:12 [INFO] __main__: Heartbeat - Neighbors: 3, Gateway: node-a3f1, Power: PowerMode.REDUCED, GW: True
2026-05-17 13:03:42 [INFO] __main__: Best gateway: node-a3f1
2026-05-17 13:03:42 [INFO] __main__: Advertised as gateway
2026-05-17 13:03:42 [INFO] __main__: Heartbeat - Neighbors: 3, Gateway: node-a3f1, Power: PowerMode.REDUCED, GW: True
2026-05-17 13:04:12 [INFO] __main__: Best gateway: node-a3f1
2026-05-17 13:04:12 [INFO] __main__: Advertised as gateway
2026-05-17 13:04:12 [INFO] __main__: Heartbeat - Neighbors: 3, Gateway: node-a3f1, Power: PowerMode.LOW_POWER, GW: True
2026-05-17 13:04:42 [INFO] __main__: Best gateway: node-a3f1
2026-05-17 13:04:42 [INFO] __main__: Advertised as gateway
2026-05-17 13:04:42 [INFO] __main__: Heartbeat - Neighbors: 3, Gateway: node-a3f1, Power: PowerMode.SLEEP, GW: True
2026-05-17 13:05:12 [INFO] __main__: Best gateway: node-a3f1
2026-05-17 13:05:12 [INFO] __main__: Advertised as gateway
2026-05-17 13:05:12 [INFO] __main__: Heartbeat - Neighbors: 3, Gateway: node-a3f1, Power: PowerMode.LOW_POWER, GW: True
2026-05-17 13:05:32 [INFO] api: Gateway mode set to False
2026-05-17 13:05:42 [INFO] __main__: Best gateway: node-a3f1
2026-05-17 13:05:42 [INFO] __main__: Heartbeat - Neighbors: 3, Gateway: node-a3f1, Power: PowerMode.REDUCED, GW: False
2026-05-17 13:06:12 [INFO] __main__: Best gateway: node-a3f1
2026-05-17 13:06:12 [INFO] __main__: Heartbeat - Neighbors: 3, Gateway: node-a3f1, Power: PowerMode.REDUCED, GW: False
2026-05-17 13:06:42 [INFO] __main__: Best gateway: node-a3f1
2026-05-17 13:06:42 [INFO] __main__: Heartbeat - Neighbors: 3, Gateway: node-a3f1, Power: PowerMode.FULL, GW: False
2026-05-17 13:07:12 [INFO] __main__: Best gateway: node-a3f1
2026-05-17 13:07:12 [INFO] __main__: Heartbeat - Neighbors: 3, Gateway: node-a3f1, Power: PowerMode.FULL, GW: False
2026-05-17 13:07:42 [INFO] __main__: Best gateway: node-a3f1
2026-05-17 13:07:42 [INFO] __main__: Heartbeat - Neighbors: 3, Gateway: node-a3f1, Power: PowerMode.FULL, GW: False
2026-05-17 13:07:43 [INFO] api: Gateway mode set to False
2026-05-17 13:07:44 [INFO] api: Gateway mode set to False
2026-05-17 13:07:53 [INFO] api: Gateway mode set to True
2026-05-17 13:08:08 [INFO] api: Gateway mode set to False
2026-05-17 13:08:12 [INFO] __main__: Best gateway: node-a3f1
2026-05-17 13:08:12 [INFO] __main__: Heartbeat - Neighbors: 3, Gateway: node-a3f1, Power: PowerMode.REDUCED, GW: False
2026-05-17 13:08:13 [INFO] api: Gateway mode set to True
2026-05-17 13:08:42 [INFO] __main__: Best gateway: node-a3f1
2026-05-17 13:08:42 [INFO] __main__: Advertised as gateway
2026-05-17 13:08:42 [INFO] __main__: Heartbeat - Neighbors: 3, Gateway: node-a3f1, Power: PowerMode.REDUCED, GW: True
2026-05-17 13:09:12 [INFO] __main__: Best gateway: node-a3f1
2026-05-17 13:09:12 [INFO] __main__: Advertised as gateway
2026-05-17 13:09:12 [INFO] __main__: Heartbeat - Neighbors: 3, Gateway: node-a3f1, Power: PowerMode.LOW_POWER, GW: True
2026-05-17 13:09:42 [INFO] __main__: Best gateway: node-a3f1
2026-05-17 13:09:42 [INFO] __main__: Advertised as gateway
2026-05-17 13:09:43 [INFO] __main__: Heartbeat - Neighbors: 3, Gateway: node-a3f1, Power: PowerMode.SLEEP, GW: True
2026-05-17 13:10:13 [INFO] __main__: Best gateway: node-a3f1
2026-05-17 13:10:13 [INFO] __main__: Advertised as gateway
2026-05-17 13:10:13 [INFO] __main__: Heartbeat - Neighbors: 3, Gateway: node-a3f1, Power: PowerMode.LOW_POWER, GW: True
2026-05-17 13:10:43 [INFO] __main__: Best gateway: node-a3f1
2026-05-17 13:10:43 [INFO] __main__: Advertised as gateway
2026-05-17 13:10:43 [INFO] __main__: Heartbeat - Neighbors: 3, Gateway: node-a3f1, Power: PowerMode.REDUCED, GW: True
2026-05-17 13:11:13 [INFO] __main__: Best gateway: node-a3f1
2026-05-17 13:11:13 [INFO] __main__: Advertised as gateway
2026-05-17 13:11:13 [INFO] __main__: Heartbeat - Neighbors: 3, Gateway: node-a3f1, Power: PowerMode.REDUCED, GW: True
2026-05-17 13:11:43 [INFO] __main__: Best gateway: node-a3f1
2026-05-17 13:11:43 [INFO] __main__: Advertised as gateway
2026-05-17 13:11:43 [INFO] __main__: Heartbeat - Neighbors: 3, Gateway: node-a3f1, Power: PowerMode.REDUCED, GW: True
2026-05-17 13:12:13 [INFO] __main__: Best gateway: node-a3f1
2026-05-17 13:12:13 [INFO] __main__: Advertised as gateway
2026-05-17 13:12:13 [INFO] __main__: Heartbeat - Neighbors: 3, Gateway: node-a3f1, Power: PowerMode.FULL, GW: True
2026-05-17 13:12:43 [INFO] __main__: Best gateway: node-a3f1
2026-05-17 13:12:43 [INFO] __main__: Advertised as gateway
2026-05-17 13:12:43 [INFO] __main__: Heartbeat - Neighbors: 3, Gateway: node-a3f1, Power: PowerMode.FULL, GW: True
2026-05-17 13:13:13 [INFO] __main__: Best gateway: node-a3f1
2026-05-17 13:13:13 [INFO] __main__: Advertised as gateway
2026-05-17 13:13:13 [INFO] __main__: Heartbeat - Neighbors: 3, Gateway: node-a3f1, Power: PowerMode.REDUCED, GW: True
2026-05-17 13:13:43 [INFO] __main__: Best gateway: node-a3f1
2026-05-17 13:13:43 [INFO] __main__: Advertised as gateway
2026-05-17 13:13:43 [INFO] __main__: Heartbeat - Neighbors: 3, Gateway: node-a3f1, Power: PowerMode.REDUCED, GW: True
2026-05-17 13:14:13 [INFO] __main__: Best gateway: node-a3f1
2026-05-17 13:14:13 [INFO] __main__: Advertised as gateway
2026-05-17 13:14:13 [INFO] __main__: Heartbeat - Neighbors: 3, Gateway: node-a3f1, Power: PowerMode.REDUCED, GW: True
2026-05-17 13:14:43 [INFO] __main__: Best gateway: node-a3f1
2026-05-17 13:14:43 [INFO] __main__: Advertised as gateway
2026-05-17 13:14:43 [INFO] __main__: Heartbeat - Neighbors: 3, Gateway: node-a3f1, Power: PowerMode.LOW_POWER, GW: True
2026-05-17 13:15:13 [INFO] __main__: Best gateway: node-a3f1
2026-05-17 13:15:13 [INFO] __main__: Advertised as gateway
2026-05-17 13:15:13 [INFO] __main__: Heartbeat - Neighbors: 3, Gateway: node-a3f1, Power: PowerMode.SLEEP, GW: True
2026-05-17 13:15:43 [INFO] __main__: Best gateway: node-a3f1
2026-05-17 13:15:43 [INFO] __main__: Advertised as gateway
2026-05-17 13:15:43 [INFO] __main__: Heartbeat - Neighbors: 3, Gateway: node-a3f1, Power: PowerMode.LOW_POWER, GW: True
2026-05-17 13:16:13 [INFO] __main__: Best gateway: node-a3f1
2026-05-17 13:16:13 [INFO] __main__: Advertised as gateway
2026-05-17 13:16:13 [INFO] __main__: Heartbeat - Neighbors: 3, Gateway: node-a3f1, Power: PowerMode.REDUCED, GW: True
2026-05-17 13:16:43 [INFO] __main__: Best gateway: node-a3f1
2026-05-17 13:16:43 [INFO] __main__: Advertised as gateway
2026-05-17 13:16:43 [INFO] __main__: Heartbeat - Neighbors: 3, Gateway: node-a3f1, Power: PowerMode.REDUCED, GW: True
2026-05-17 13:17:13 [INFO] __main__: Best gateway: node-a3f1
2026-05-17 13:17:13 [INFO] __main__: Advertised as gateway
2026-05-17 13:17:13 [INFO] __main__: Heartbeat - Neighbors: 3, Gateway: node-a3f1, Power: PowerMode.FULL, GW: True
2026-05-17 13:17:43 [INFO] __main__: Best gateway: node-a3f1
2026-05-17 13:17:43 [INFO] __main__: Advertised as gateway
2026-05-17 13:17:43 [INFO] __main__: Heartbeat - Neighbors: 3, Gateway: node-a3f1, Power: PowerMode.FULL, GW: True
